{"synthetic": false,
 "schemaVersion": "2025-09-10",
 "outputs":
 {"o": ["aedfaa5a24ec7c35.olean"],
  "i": "19c8889ca86c03ed.ilean",
  "c": "035bd78d04e66ac1.c"},
 "log":
 [{"message":
   ".> LEAN_PATH=/home/natalie/p3-hax-lean-fri-pipeline/rust/p3_fri_kernel/proofs/lean/extraction/.lake/packages/Hax/hax-lib/proof-libs/lean/.lake/build/lib/lean:/home/natalie/p3-hax-lean-fri-pipeline/rust/p3_fri_kernel/proofs/lean/extraction/.lake/build/lib/lean /home/natalie/.elan/toolchains/leanprover--lean4---v4.26.0/bin/lean /home/natalie/p3-hax-lean-fri-pipeline/rust/p3_fri_kernel/proofs/lean/extraction/BasicProofs.lean -o /home/natalie/p3-hax-lean-fri-pipeline/rust/p3_fri_kernel/proofs/lean/extraction/.lake/build/lib/lean/BasicProofs.olean -i /home/natalie/p3-hax-lean-fri-pipeline/rust/p3_fri_kernel/proofs/lean/extraction/.lake/build/lib/lean/BasicProofs.ilean -c /home/natalie/p3-hax-lean-fri-pipeline/rust/p3_fri_kernel/proofs/lean/extraction/.lake/build/ir/BasicProofs.c --setup /home/natalie/p3-hax-lean-fri-pipeline/rust/p3_fri_kernel/proofs/lean/extraction/.lake/build/ir/BasicProofs.setup.json --json",
   "level": "trace"},
  {"message": "BasicProofs.lean:27:8: declaration uses 'sorry'",
   "level": "warning"},
  {"message": "BasicProofs.lean:43:8: declaration uses 'sorry'",
   "level": "warning"},
  {"message": "BasicProofs.lean:60:8: declaration uses 'sorry'",
   "level": "warning"},
  {"message": "BasicProofs.lean:83:8: declaration uses 'sorry'",
   "level": "warning"},
  {"message": "BasicProofs.lean:102:8: declaration uses 'sorry'",
   "level": "warning"},
  {"message": "BasicProofs.lean:124:8: declaration uses 'sorry'",
   "level": "warning"},
  {"message": "BasicProofs.lean:149:0: declaration uses 'sorry'",
   "level": "warning"},
  {"message": "BasicProofs.lean:162:0: declaration uses 'sorry'",
   "level": "warning"},
  {"message": "BasicProofs.lean:175:0: declaration uses 'sorry'",
   "level": "warning"}],
 "inputs":
 [["BasicProofs:deps",
   [["deps",
     [["p3_fri_kernel/p3_fri_kernel:extraDep",
       [["@p3_fri_kernel:extraDep", "00000000000006bb"]]],
      ["imports",
       [["Hax transitive imports (legacy)", "3c0c8dac243b604d"],
        ["Hax:importAllArts", "41b973641b73e87e"],
        ["CoreModelsPatch transitive imports (legacy)", "e8a287e85c0721d9"],
        ["CoreModelsPatch:importAllArts", "d382027566d136ee"],
        ["p3_fri_kernel transitive imports (legacy)", "98946d375cc14f98"],
        ["p3_fri_kernel:importAllArts", "3e99b69335a40438"]]]]],
    ["libs",
     [["import dynlibs", "00000000000006bb"],
      ["package external libraries", "00000000000006bb"],
      ["module dynlibs", "00000000000006bb"],
      ["module plugins", "00000000000006bb"]]]]],
  ["Lean 4.26.0, commit d8204c9fd894f91bbb2cdfec5912ec8196fd8562",
   "9c9419104e9584f8"],
  ["/home/natalie/p3-hax-lean-fri-pipeline/rust/p3_fri_kernel/proofs/lean/extraction/BasicProofs.lean",
   "fb9de0c1f8556f9c"],
  ["options", "00000000000006bb"],
  ["Module.leanArgs: #[]", "00000000000006bb"]],
 "depHash": "7b24df0f638ca5a0"}